Default constructor contact called
Default constructor contact called
Default constructor contact called
Default constructor contact called
Default constructor contact called
Default constructor contact called
Default constructor contact called
Default constructor contact called
Constructor phoneBook
Constructor Contact called
Destructor Contact called
Contact added: Daryl
Destructor phoneBook
Destructor Contact called
Destructor Contact called
Destructor Contact called
Destructor Contact called
Destructor Contact called
Destructor Contact called
Destructor Contact called
Destructor Contact called
